<?xml version="1.0" encoding="UTF-8"?>
<!-- Generated by org.testng.reporters.JUnitReportReporter -->
<testsuite hostname="PC30131" name="excelTests.LoggedOutTest" tests="1" failures="0" timestamp="5 Dec 2013 20:03:53 GMT" time="24.893" errors="0">
  <testcase name="cartZero" time="24.893" classname="excelTests.LoggedOutTest"/>
</testsuite> <!-- excelTests.LoggedOutTest -->
