<?xml version="1.0" encoding="UTF-8"?>
<!-- Generated by org.testng.reporters.JUnitReportReporter -->
<testsuite hostname="PC30131" name="seleniumTests.ChainProject" tests="1" failures="0" timestamp="4 Dec 2013 16:42:57 GMT" time="17.544" errors="0">
  <testcase name="test" time="17.544" classname="seleniumTests.ChainProject"/>
</testsuite> <!-- seleniumTests.ChainProject -->
