<?xml version="1.0" encoding="UTF-8"?>
<!-- Generated by org.testng.reporters.JUnitReportReporter -->
<testsuite hostname="PC30131" name="parallelPrep.ParallelPrepTest" tests="2" failures="0" timestamp="4 Dec 2013 21:57:38 GMT" time="32.846" errors="0">
  <testcase name="sampleTest" time="19.287" classname="parallelPrep.ParallelPrepTest"/>
  <testcase name="sampleTest" time="13.559" classname="parallelPrep.ParallelPrepTest"/>
</testsuite> <!-- parallelPrep.ParallelPrepTest -->
