<?xml version="1.0" encoding="UTF-8"?>
<!-- Generated by org.testng.reporters.JUnitReportReporter -->
<testsuite hostname="PC30131" name="seleniumTests.GoogleCalcTest" tests="2" failures="0" timestamp="4 Dec 2013 16:42:16 GMT" time="13.597" errors="0">
  <testcase name="testOnePlusOne" time="7.638" classname="seleniumTests.GoogleCalcTest"/>
  <testcase name="testValueOfPi" time="5.959" classname="seleniumTests.GoogleCalcTest"/>
</testsuite> <!-- seleniumTests.GoogleCalcTest -->
