<?xml version="1.0" encoding="UTF-8"?>
<!-- Generated by org.testng.reporters.JUnitReportReporter -->
<testsuite hostname="PC30131" name="amazonTests.ParallelPrepTest" tests="2" failures="0" timestamp="6 Dec 2013 16:39:46 GMT" time="18.480" errors="0">
  <testcase name="renderedPageTest" time="8.604" classname="amazonTests.ParallelPrepTest"/>
  <testcase name="renderedPageTest" time="9.876" classname="amazonTests.ParallelPrepTest"/>
</testsuite> <!-- amazonTests.ParallelPrepTest -->
