<?xml version="1.0" encoding="UTF-8"?>
<!-- Generated by org.testng.reporters.JUnitReportReporter -->
<testsuite hostname="PC30131" name="oldTests.LinkTest" tests="1" failures="0" timestamp="6 Dec 2013 19:23:22 GMT" time="124.305" errors="0">
  <testcase name="testCartLink" time="124.305" classname="oldTests.LinkTest"/>
</testsuite> <!-- oldTests.LinkTest -->
