<?xml version="1.0" encoding="UTF-8"?>
<!-- Generated by org.testng.reporters.JUnitReportReporter -->
<testsuite hostname="PC30131" name="seleniumTests.Test1" tests="1" failures="0" timestamp="4 Dec 2013 16:39:53 GMT" time="9.886" errors="0">
  <testcase name="test" time="9.886" classname="seleniumTests.Test1"/>
</testsuite> <!-- seleniumTests.Test1 -->
