<?xml version="1.0" encoding="UTF-8"?>
<!-- Generated by org.testng.reporters.JUnitReportReporter -->
<testsuite hostname="PC30131" name="excelTests.LoggedOutTests" tests="1" failures="0" timestamp="4 Dec 2013 16:34:30 GMT" time="27.999" errors="0">
  <testcase name="loginPrompt" time="27.999" classname="excelTests.LoggedOutTests"/>
</testsuite> <!-- excelTests.LoggedOutTests -->
