<?xml version="1.0" encoding="UTF-8"?>
<!-- Generated by org.testng.reporters.JUnitReportReporter -->
<testsuite hostname="PC30131" name="amazonTests.ProfileConfig" tests="1" failures="0" timestamp="9 Dec 2013 22:25:55 GMT" time="8.007" errors="0">
  <testcase name="loadStuff" time="8.007" classname="amazonTests.ProfileConfig"/>
</testsuite> <!-- amazonTests.ProfileConfig -->
